{"level":"info","message":"::1 - - [30/Sep/2025:16:17:57 +0000] \"POST /sign-in HTTP/1.1\" 404 29 \"-\" \"PostmanRuntime/7.48.0\"","service":"acquisitions-api"}
{"level":"info","message":"::1 - - [30/Sep/2025:16:29:24 +0000] \"POST /signin HTTP/1.1\" 404 29 \"-\" \"PostmanRuntime/7.48.0\"","service":"acquisitions-api"}
{"level":"info","message":"::1 - - [30/Sep/2025:16:29:26 +0000] \"POST /signin HTTP/1.1\" 404 29 \"-\" \"PostmanRuntime/7.48.0\"","service":"acquisitions-api"}
{"level":"info","message":"::1 - - [30/Sep/2025:16:30:40 +0000] \"POST /signin HTTP/1.1\" 404 29 \"-\" \"PostmanRuntime/7.48.0\"","service":"acquisitions-api"}
{"level":"info","message":"::1 - - [30/Sep/2025:16:30:42 +0000] \"POST /signin HTTP/1.1\" 404 29 \"-\" \"PostmanRuntime/7.48.0\"","service":"acquisitions-api"}
{"level":"info","message":"::1 - - [30/Sep/2025:16:30:50 +0000] \"POST /signin HTTP/1.1\" 404 29 \"-\" \"PostmanRuntime/7.48.0\"","service":"acquisitions-api"}
{"level":"info","message":"::1 - - [30/Sep/2025:16:30:52 +0000] \"POST /signin HTTP/1.1\" 404 29 \"-\" \"PostmanRuntime/7.48.0\"","service":"acquisitions-api"}
{"level":"info","message":"::1 - - [30/Sep/2025:16:30:53 +0000] \"POST /signin HTTP/1.1\" 404 29 \"-\" \"PostmanRuntime/7.48.0\"","service":"acquisitions-api"}
{"level":"info","message":"::1 - - [30/Sep/2025:16:31:46 +0000] \"POST /signin HTTP/1.1\" 404 29 \"-\" \"PostmanRuntime/7.48.0\"","service":"acquisitions-api"}
{"level":"info","message":"::1 - - [30/Sep/2025:16:31:47 +0000] \"POST /signin HTTP/1.1\" 404 29 \"-\" \"PostmanRuntime/7.48.0\"","service":"acquisitions-api"}
{"level":"info","message":"::1 - - [30/Sep/2025:16:31:57 +0000] \"GET /signin HTTP/1.1\" 404 29 \"-\" \"PostmanRuntime/7.48.0\"","service":"acquisitions-api"}
{"level":"info","message":"::1 - - [30/Sep/2025:16:32:01 +0000] \"POST /signin HTTP/1.1\" 404 29 \"-\" \"PostmanRuntime/7.48.0\"","service":"acquisitions-api"}
{"level":"info","message":"::1 - - [30/Sep/2025:16:32:34 +0000] \"POST /signin HTTP/1.1\" 404 29 \"-\" \"PostmanRuntime/7.48.0\"","service":"acquisitions-api"}
{"level":"info","message":"::1 - - [30/Sep/2025:16:32:36 +0000] \"POST /signin HTTP/1.1\" 404 29 \"-\" \"PostmanRuntime/7.48.0\"","service":"acquisitions-api"}
{"level":"info","message":"::1 - - [30/Sep/2025:16:33:15 +0000] \"POST / HTTP/1.1\" 404 29 \"-\" \"PostmanRuntime/7.48.0\"","service":"acquisitions-api"}
{"level":"info","message":"Hello from acquisitions","service":"acquisitions-api"}
{"level":"info","message":"::1 - - [30/Sep/2025:16:33:18 +0000] \"GET / HTTP/1.1\" 200 37 \"-\" \"PostmanRuntime/7.48.0\"","service":"acquisitions-api"}
{"level":"info","message":"Hello from acquisitions","service":"acquisitions-api"}
{"level":"info","message":"::1 - - [30/Sep/2025:16:33:22 +0000] \"GET / HTTP/1.1\" 200 37 \"-\" \"PostmanRuntime/7.48.0\"","service":"acquisitions-api"}
{"level":"info","message":"Hello from acquisitions","service":"acquisitions-api"}
{"level":"info","message":"::1 - - [30/Sep/2025:16:33:51 +0000] \"GET / HTTP/1.1\" 200 37 \"-\" \"PostmanRuntime/7.48.0\"","service":"acquisitions-api"}
{"level":"info","message":"Hello from acquisitions","service":"acquisitions-api"}
{"level":"info","message":"::1 - - [30/Sep/2025:16:33:54 +0000] \"GET / HTTP/1.1\" 200 37 \"-\" \"PostmanRuntime/7.48.0\"","service":"acquisitions-api"}
{"level":"info","message":"Hello from acquisitions","service":"acquisitions-api"}
{"level":"info","message":"::1 - - [30/Sep/2025:16:33:55 +0000] \"GET / HTTP/1.1\" 200 37 \"-\" \"PostmanRuntime/7.48.0\"","service":"acquisitions-api"}
{"level":"info","message":"Hello from acquisitions","service":"acquisitions-api"}
{"level":"info","message":"::1 - - [30/Sep/2025:16:33:57 +0000] \"GET / HTTP/1.1\" 200 37 \"-\" \"PostmanRuntime/7.48.0\"","service":"acquisitions-api"}
{"level":"info","message":"Hello from acquisitions","service":"acquisitions-api"}
{"level":"info","message":"::1 - - [30/Sep/2025:16:33:58 +0000] \"GET / HTTP/1.1\" 200 37 \"-\" \"PostmanRuntime/7.48.0\"","service":"acquisitions-api"}
{"level":"info","message":"Hello from acquisitions","service":"acquisitions-api"}
{"level":"info","message":"::1 - - [30/Sep/2025:16:33:59 +0000] \"GET / HTTP/1.1\" 200 37 \"-\" \"PostmanRuntime/7.48.0\"","service":"acquisitions-api"}
{"level":"info","message":"Hello from acquisitions","service":"acquisitions-api"}
{"level":"info","message":"::1 - - [30/Sep/2025:16:34:01 +0000] \"GET / HTTP/1.1\" 200 37 \"-\" \"PostmanRuntime/7.48.0\"","service":"acquisitions-api"}
{"level":"info","message":"Hello from acquisitions","service":"acquisitions-api"}
{"level":"info","message":"::1 - - [30/Sep/2025:16:34:02 +0000] \"GET / HTTP/1.1\" 200 37 \"-\" \"PostmanRuntime/7.48.0\"","service":"acquisitions-api"}
{"level":"info","message":"Hello from acquisitions","service":"acquisitions-api"}
{"level":"info","message":"::1 - - [30/Sep/2025:16:34:20 +0000] \"GET / HTTP/1.1\" 200 37 \"-\" \"PostmanRuntime/7.48.0\"","service":"acquisitions-api"}
{"level":"info","message":"Hello from acquisitions","service":"acquisitions-api"}
{"level":"info","message":"::1 - - [30/Sep/2025:16:34:22 +0000] \"GET / HTTP/1.1\" 200 37 \"-\" \"PostmanRuntime/7.48.0\"","service":"acquisitions-api"}
{"level":"info","message":"Hello from acquisitions","service":"acquisitions-api"}
{"level":"info","message":"Hello from auth service","service":"acquisitions-api"}
{"level":"info","message":"::1 - - [30/Sep/2025:16:37:40 +0000] \"GET / HTTP/1.1\" 200 46 \"-\" \"PostmanRuntime/7.48.0\"","service":"acquisitions-api"}
{"level":"info","message":"::1 - - [30/Sep/2025:16:37:48 +0000] \"GET /api/auth/signin HTTP/1.1\" 404 29 \"-\" \"PostmanRuntime/7.48.0\"","service":"acquisitions-api"}
{"level":"info","message":"::1 - - [30/Sep/2025:16:38:24 +0000] \"GET /api/auth/signin HTTP/1.1\" 404 29 \"-\" \"PostmanRuntime/7.48.0\"","service":"acquisitions-api"}
{"level":"info","message":"::1 - - [30/Sep/2025:16:38:25 +0000] \"GET /api/auth/signin HTTP/1.1\" 404 29 \"-\" \"PostmanRuntime/7.48.0\"","service":"acquisitions-api"}
{"level":"info","message":"::1 - - [30/Sep/2025:16:38:27 +0000] \"GET /api/auth/signin HTTP/1.1\" 404 29 \"-\" \"PostmanRuntime/7.48.0\"","service":"acquisitions-api"}
{"level":"info","message":"::1 - - [30/Sep/2025:16:38:28 +0000] \"GET /api/auth/signin HTTP/1.1\" 404 29 \"-\" \"PostmanRuntime/7.48.0\"","service":"acquisitions-api"}
{"level":"info","message":"::1 - - [30/Sep/2025:16:38:44 +0000] \"GET /api/ HTTP/1.1\" 200 41 \"-\" \"PostmanRuntime/7.48.0\"","service":"acquisitions-api"}
{"level":"info","message":"::1 - - [30/Sep/2025:16:38:51 +0000] \"GET /api/auth/signin HTTP/1.1\" 404 29 \"-\" \"PostmanRuntime/7.48.0\"","service":"acquisitions-api"}
{"level":"info","message":"::1 - - [30/Sep/2025:16:38:53 +0000] \"GET /api/auth/signin HTTP/1.1\" 404 29 \"-\" \"PostmanRuntime/7.48.0\"","service":"acquisitions-api"}
{"cause":{"code":"42P01","file":"parse_relation.c","line":"1449","name":"NeonDbError","position":"78","routine":"parserOpenTable","severity":"ERROR"},"level":"error","message":"Error checking if user exists: Failed query: select \"id\", \"name\", \"email\", \"password\", \"auth_provider\", \"created_at\" from \"users\" where \"users\".\"email\" = $1 limit $2\nparams: gotunuffwadfl@gmail.com,1","params":["gotunuffwadfl@gmail.com",1],"query":"select \"id\", \"name\", \"email\", \"password\", \"auth_provider\", \"created_at\" from \"users\" where \"users\".\"email\" = $1 limit $2","service":"acquisitions-api","stack":"Error: Failed query: select \"id\", \"name\", \"email\", \"password\", \"auth_provider\", \"created_at\" from \"users\" where \"users\".\"email\" = $1 limit $2\nparams: gotunuffwadfl@gmail.com,1\n    at NeonHttpPreparedQuery.queryWithCache (file:///C:/Users/DELL/Desktop/fluxo.io/node_modules/.pnpm/drizzle-orm@0.44.5_@neondatabase+serverless@1.0.2_@types+pg@8.15.5_pg@8.16.3/node_modules/drizzle-orm/pg-core/session.js:41:15)\n    at process.processTicksAndRejections (node:internal/process/task_queues:105:5)\n    at async NeonHttpPreparedQuery.execute (file:///C:/Users/DELL/Desktop/fluxo.io/node_modules/.pnpm/drizzle-orm@0.44.5_@neondatabase+serverless@1.0.2_@types+pg@8.15.5_pg@8.16.3/node_modules/drizzle-orm/neon-http/session.js:45:20)\n    at async isUserExist (file:///C:/Users/DELL/Desktop/fluxo.io/apps/auth-service/src/service/auth.service.js:40:28)\n    at async authenticateUser (file:///C:/Users/DELL/Desktop/fluxo.io/apps/auth-service/src/service/auth.service.js:99:16)\n    at async signIn (file:///C:/Users/DELL/Desktop/fluxo.io/apps/auth-service/src/controller/auth.controller.js:66:18)"}
{"level":"info","message":"::1 - - [30/Sep/2025:16:39:10 +0000] \"POST /api/auth/signin HTTP/1.1\" 500 33 \"-\" \"PostmanRuntime/7.48.0\"","service":"acquisitions-api"}
{"cause":{"code":"42P01","file":"parse_relation.c","line":"1449","name":"NeonDbError","position":"78","routine":"parserOpenTable","severity":"ERROR"},"level":"error","message":"Error checking if user exists: Failed query: select \"id\", \"name\", \"email\", \"password\", \"auth_provider\", \"created_at\" from \"users\" where \"users\".\"email\" = $1 limit $2\nparams: gotunuffwadfl@gmail.com,1","params":["gotunuffwadfl@gmail.com",1],"query":"select \"id\", \"name\", \"email\", \"password\", \"auth_provider\", \"created_at\" from \"users\" where \"users\".\"email\" = $1 limit $2","service":"acquisitions-api","stack":"Error: Failed query: select \"id\", \"name\", \"email\", \"password\", \"auth_provider\", \"created_at\" from \"users\" where \"users\".\"email\" = $1 limit $2\nparams: gotunuffwadfl@gmail.com,1\n    at NeonHttpPreparedQuery.queryWithCache (file:///C:/Users/DELL/Desktop/fluxo.io/node_modules/.pnpm/drizzle-orm@0.44.5_@neondatabase+serverless@1.0.2_@types+pg@8.15.5_pg@8.16.3/node_modules/drizzle-orm/pg-core/session.js:41:15)\n    at process.processTicksAndRejections (node:internal/process/task_queues:105:5)\n    at async NeonHttpPreparedQuery.execute (file:///C:/Users/DELL/Desktop/fluxo.io/node_modules/.pnpm/drizzle-orm@0.44.5_@neondatabase+serverless@1.0.2_@types+pg@8.15.5_pg@8.16.3/node_modules/drizzle-orm/neon-http/session.js:45:20)\n    at async isUserExist (file:///C:/Users/DELL/Desktop/fluxo.io/apps/auth-service/src/service/auth.service.js:40:28)\n    at async authenticateUser (file:///C:/Users/DELL/Desktop/fluxo.io/apps/auth-service/src/service/auth.service.js:99:16)\n    at async signIn (file:///C:/Users/DELL/Desktop/fluxo.io/apps/auth-service/src/controller/auth.controller.js:66:18)"}
{"level":"info","message":"::1 - - [30/Sep/2025:16:39:12 +0000] \"POST /api/auth/signin HTTP/1.1\" 500 33 \"-\" \"PostmanRuntime/7.48.0\"","service":"acquisitions-api"}
{"cause":{"code":"42P01","file":"parse_relation.c","line":"1449","name":"NeonDbError","position":"78","routine":"parserOpenTable","severity":"ERROR"},"level":"error","message":"Error checking if user exists: Failed query: select \"id\", \"name\", \"email\", \"password\", \"auth_provider\", \"created_at\" from \"users\" where \"users\".\"email\" = $1 limit $2\nparams: gotunuffwadfl@gmail.com,1","params":["gotunuffwadfl@gmail.com",1],"query":"select \"id\", \"name\", \"email\", \"password\", \"auth_provider\", \"created_at\" from \"users\" where \"users\".\"email\" = $1 limit $2","service":"acquisitions-api","stack":"Error: Failed query: select \"id\", \"name\", \"email\", \"password\", \"auth_provider\", \"created_at\" from \"users\" where \"users\".\"email\" = $1 limit $2\nparams: gotunuffwadfl@gmail.com,1\n    at NeonHttpPreparedQuery.queryWithCache (file:///C:/Users/DELL/Desktop/fluxo.io/node_modules/.pnpm/drizzle-orm@0.44.5_@neondatabase+serverless@1.0.2_@types+pg@8.15.5_pg@8.16.3/node_modules/drizzle-orm/pg-core/session.js:41:15)\n    at process.processTicksAndRejections (node:internal/process/task_queues:105:5)\n    at async NeonHttpPreparedQuery.execute (file:///C:/Users/DELL/Desktop/fluxo.io/node_modules/.pnpm/drizzle-orm@0.44.5_@neondatabase+serverless@1.0.2_@types+pg@8.15.5_pg@8.16.3/node_modules/drizzle-orm/neon-http/session.js:45:20)\n    at async isUserExist (file:///C:/Users/DELL/Desktop/fluxo.io/apps/auth-service/src/service/auth.service.js:40:28)\n    at async authenticateUser (file:///C:/Users/DELL/Desktop/fluxo.io/apps/auth-service/src/service/auth.service.js:99:16)\n    at async signIn (file:///C:/Users/DELL/Desktop/fluxo.io/apps/auth-service/src/controller/auth.controller.js:66:18)"}
{"level":"info","message":"::1 - - [30/Sep/2025:16:39:40 +0000] \"POST /api/auth/signin HTTP/1.1\" 500 33 \"-\" \"PostmanRuntime/7.48.0\"","service":"acquisitions-api"}
{"level":"info","message":"::1 - - [30/Sep/2025:16:39:43 +0000] \"POST /api/auth/ HTTP/1.1\" 404 29 \"-\" \"PostmanRuntime/7.48.0\"","service":"acquisitions-api"}
{"level":"info","message":"::1 - - [30/Sep/2025:16:39:46 +0000] \"POST /api/ HTTP/1.1\" 404 29 \"-\" \"PostmanRuntime/7.48.0\"","service":"acquisitions-api"}
{"cause":{"code":"42P01","file":"parse_relation.c","line":"1449","name":"NeonDbError","position":"78","routine":"parserOpenTable","severity":"ERROR"},"level":"error","message":"Error checking if user exists: Failed query: select \"id\", \"name\", \"email\", \"password\", \"auth_provider\", \"created_at\" from \"users\" where \"users\".\"email\" = $1 limit $2\nparams: gotunuffwadfl@gmail.com,1","params":["gotunuffwadfl@gmail.com",1],"query":"select \"id\", \"name\", \"email\", \"password\", \"auth_provider\", \"created_at\" from \"users\" where \"users\".\"email\" = $1 limit $2","service":"acquisitions-api","stack":"Error: Failed query: select \"id\", \"name\", \"email\", \"password\", \"auth_provider\", \"created_at\" from \"users\" where \"users\".\"email\" = $1 limit $2\nparams: gotunuffwadfl@gmail.com,1\n    at NeonHttpPreparedQuery.queryWithCache (file:///C:/Users/DELL/Desktop/fluxo.io/node_modules/.pnpm/drizzle-orm@0.44.5_@neondatabase+serverless@1.0.2_@types+pg@8.15.5_pg@8.16.3/node_modules/drizzle-orm/pg-core/session.js:41:15)\n    at process.processTicksAndRejections (node:internal/process/task_queues:105:5)\n    at async NeonHttpPreparedQuery.execute (file:///C:/Users/DELL/Desktop/fluxo.io/node_modules/.pnpm/drizzle-orm@0.44.5_@neondatabase+serverless@1.0.2_@types+pg@8.15.5_pg@8.16.3/node_modules/drizzle-orm/neon-http/session.js:45:20)\n    at async isUserExist (file:///C:/Users/DELL/Desktop/fluxo.io/apps/auth-service/src/service/auth.service.js:40:28)\n    at async authenticateUser (file:///C:/Users/DELL/Desktop/fluxo.io/apps/auth-service/src/service/auth.service.js:99:16)\n    at async signIn (file:///C:/Users/DELL/Desktop/fluxo.io/apps/auth-service/src/controller/auth.controller.js:66:18)"}
{"level":"info","message":"::1 - - [30/Sep/2025:16:39:50 +0000] \"POST /api/auth/signin HTTP/1.1\" 500 33 \"-\" \"PostmanRuntime/7.48.0\"","service":"acquisitions-api"}
{"cause":{"code":"42P01","file":"parse_relation.c","line":"1449","name":"NeonDbError","position":"78","routine":"parserOpenTable","severity":"ERROR"},"level":"error","message":"Error checking if user exists: Failed query: select \"id\", \"name\", \"email\", \"password\", \"auth_provider\", \"created_at\" from \"users\" where \"users\".\"email\" = $1 limit $2\nparams: gotunuffwadfl@gmail.com,1","params":["gotunuffwadfl@gmail.com",1],"query":"select \"id\", \"name\", \"email\", \"password\", \"auth_provider\", \"created_at\" from \"users\" where \"users\".\"email\" = $1 limit $2","service":"acquisitions-api","stack":"Error: Failed query: select \"id\", \"name\", \"email\", \"password\", \"auth_provider\", \"created_at\" from \"users\" where \"users\".\"email\" = $1 limit $2\nparams: gotunuffwadfl@gmail.com,1\n    at NeonHttpPreparedQuery.queryWithCache (file:///C:/Users/DELL/Desktop/fluxo.io/node_modules/.pnpm/drizzle-orm@0.44.5_@neondatabase+serverless@1.0.2_@types+pg@8.15.5_pg@8.16.3/node_modules/drizzle-orm/pg-core/session.js:41:15)\n    at process.processTicksAndRejections (node:internal/process/task_queues:105:5)\n    at async NeonHttpPreparedQuery.execute (file:///C:/Users/DELL/Desktop/fluxo.io/node_modules/.pnpm/drizzle-orm@0.44.5_@neondatabase+serverless@1.0.2_@types+pg@8.15.5_pg@8.16.3/node_modules/drizzle-orm/neon-http/session.js:45:20)\n    at async isUserExist (file:///C:/Users/DELL/Desktop/fluxo.io/apps/auth-service/src/service/auth.service.js:40:28)\n    at async authenticateUser (file:///C:/Users/DELL/Desktop/fluxo.io/apps/auth-service/src/service/auth.service.js:99:16)\n    at async signIn (file:///C:/Users/DELL/Desktop/fluxo.io/apps/auth-service/src/controller/auth.controller.js:66:18)"}
{"level":"info","message":"::1 - - [30/Sep/2025:16:40:30 +0000] \"POST /api/auth/signin HTTP/1.1\" 500 33 \"-\" \"PostmanRuntime/7.48.0\"","service":"acquisitions-api"}
{"cause":{"code":"42P01","file":"parse_relation.c","line":"1449","name":"NeonDbError","position":"78","routine":"parserOpenTable","severity":"ERROR"},"level":"error","message":"Error checking if user exists: Failed query: select \"id\", \"name\", \"email\", \"password\", \"auth_provider\", \"created_at\" from \"users\" where \"users\".\"email\" = $1 limit $2\nparams: gotunuffwadfl@gmail.com,1","params":["gotunuffwadfl@gmail.com",1],"query":"select \"id\", \"name\", \"email\", \"password\", \"auth_provider\", \"created_at\" from \"users\" where \"users\".\"email\" = $1 limit $2","service":"acquisitions-api","stack":"Error: Failed query: select \"id\", \"name\", \"email\", \"password\", \"auth_provider\", \"created_at\" from \"users\" where \"users\".\"email\" = $1 limit $2\nparams: gotunuffwadfl@gmail.com,1\n    at NeonHttpPreparedQuery.queryWithCache (file:///C:/Users/DELL/Desktop/fluxo.io/node_modules/.pnpm/drizzle-orm@0.44.5_@neondatabase+serverless@1.0.2_@types+pg@8.15.5_pg@8.16.3/node_modules/drizzle-orm/pg-core/session.js:41:15)\n    at process.processTicksAndRejections (node:internal/process/task_queues:105:5)\n    at async NeonHttpPreparedQuery.execute (file:///C:/Users/DELL/Desktop/fluxo.io/node_modules/.pnpm/drizzle-orm@0.44.5_@neondatabase+serverless@1.0.2_@types+pg@8.15.5_pg@8.16.3/node_modules/drizzle-orm/neon-http/session.js:45:20)\n    at async isUserExist (file:///C:/Users/DELL/Desktop/fluxo.io/apps/auth-service/src/service/auth.service.js:40:28)\n    at async authenticateUser (file:///C:/Users/DELL/Desktop/fluxo.io/apps/auth-service/src/service/auth.service.js:99:16)\n    at async signIn (file:///C:/Users/DELL/Desktop/fluxo.io/apps/auth-service/src/controller/auth.controller.js:66:18)"}
{"level":"info","message":"::1 - - [30/Sep/2025:16:40:32 +0000] \"POST /api/auth/signin HTTP/1.1\" 500 33 \"-\" \"PostmanRuntime/7.48.0\"","service":"acquisitions-api"}
{"cause":{"code":"42P01","file":"parse_relation.c","line":"1449","name":"NeonDbError","position":"78","routine":"parserOpenTable","severity":"ERROR"},"level":"error","message":"Error checking if user exists: Failed query: select \"id\", \"name\", \"email\", \"password\", \"auth_provider\", \"created_at\" from \"users\" where \"users\".\"email\" = $1 limit $2\nparams: gotunuffwadfl@gmail.com,1","params":["gotunuffwadfl@gmail.com",1],"query":"select \"id\", \"name\", \"email\", \"password\", \"auth_provider\", \"created_at\" from \"users\" where \"users\".\"email\" = $1 limit $2","service":"acquisitions-api","stack":"Error: Failed query: select \"id\", \"name\", \"email\", \"password\", \"auth_provider\", \"created_at\" from \"users\" where \"users\".\"email\" = $1 limit $2\nparams: gotunuffwadfl@gmail.com,1\n    at NeonHttpPreparedQuery.queryWithCache (file:///C:/Users/DELL/Desktop/fluxo.io/node_modules/.pnpm/drizzle-orm@0.44.5_@neondatabase+serverless@1.0.2_@types+pg@8.15.5_pg@8.16.3/node_modules/drizzle-orm/pg-core/session.js:41:15)\n    at process.processTicksAndRejections (node:internal/process/task_queues:105:5)\n    at async NeonHttpPreparedQuery.execute (file:///C:/Users/DELL/Desktop/fluxo.io/node_modules/.pnpm/drizzle-orm@0.44.5_@neondatabase+serverless@1.0.2_@types+pg@8.15.5_pg@8.16.3/node_modules/drizzle-orm/neon-http/session.js:45:20)\n    at async isUserExist (file:///C:/Users/DELL/Desktop/fluxo.io/apps/auth-service/src/service/auth.service.js:40:28)\n    at async authenticateUser (file:///C:/Users/DELL/Desktop/fluxo.io/apps/auth-service/src/service/auth.service.js:99:16)\n    at async signIn (file:///C:/Users/DELL/Desktop/fluxo.io/apps/auth-service/src/controller/auth.controller.js:66:18)"}
{"level":"info","message":"::1 - - [30/Sep/2025:16:41:39 +0000] \"POST /api/auth/signin HTTP/1.1\" 500 33 \"-\" \"PostmanRuntime/7.48.0\"","service":"acquisitions-api"}
{"level":"info","message":"::1 - - [30/Sep/2025:16:42:10 +0000] \"POST /auth/signin HTTP/1.1\" 404 29 \"-\" \"PostmanRuntime/7.48.0\"","service":"acquisitions-api"}
{"level":"info","message":"::1 - - [30/Sep/2025:16:42:12 +0000] \"POST /auth/signin HTTP/1.1\" 404 29 \"-\" \"PostmanRuntime/7.48.0\"","service":"acquisitions-api"}
{"cause":{"code":"42P01","file":"parse_relation.c","line":"1449","name":"NeonDbError","position":"78","routine":"parserOpenTable","severity":"ERROR"},"level":"error","message":"Error checking if user exists: Failed query: select \"id\", \"name\", \"email\", \"password\", \"auth_provider\", \"created_at\" from \"users\" where \"users\".\"email\" = $1 limit $2\nparams: gotunuffwadfl@gmail.com,1","params":["gotunuffwadfl@gmail.com",1],"query":"select \"id\", \"name\", \"email\", \"password\", \"auth_provider\", \"created_at\" from \"users\" where \"users\".\"email\" = $1 limit $2","service":"acquisitions-api","stack":"Error: Failed query: select \"id\", \"name\", \"email\", \"password\", \"auth_provider\", \"created_at\" from \"users\" where \"users\".\"email\" = $1 limit $2\nparams: gotunuffwadfl@gmail.com,1\n    at NeonHttpPreparedQuery.queryWithCache (file:///C:/Users/DELL/Desktop/fluxo.io/node_modules/.pnpm/drizzle-orm@0.44.5_@neondatabase+serverless@1.0.2_@types+pg@8.15.5_pg@8.16.3/node_modules/drizzle-orm/pg-core/session.js:41:15)\n    at process.processTicksAndRejections (node:internal/process/task_queues:105:5)\n    at async NeonHttpPreparedQuery.execute (file:///C:/Users/DELL/Desktop/fluxo.io/node_modules/.pnpm/drizzle-orm@0.44.5_@neondatabase+serverless@1.0.2_@types+pg@8.15.5_pg@8.16.3/node_modules/drizzle-orm/neon-http/session.js:45:20)\n    at async isUserExist (file:///C:/Users/DELL/Desktop/fluxo.io/apps/auth-service/src/service/auth.service.js:40:28)\n    at async authenticateUser (file:///C:/Users/DELL/Desktop/fluxo.io/apps/auth-service/src/service/auth.service.js:99:16)\n    at async signIn (file:///C:/Users/DELL/Desktop/fluxo.io/apps/auth-service/src/controller/auth.controller.js:66:18)"}
{"level":"info","message":"::1 - - [30/Sep/2025:16:44:24 +0000] \"POST /api/auth/signin HTTP/1.1\" 500 33 \"-\" \"PostmanRuntime/7.48.0\"","service":"acquisitions-api"}
{"cause":{"code":"42P01","file":"parse_relation.c","line":"1449","name":"NeonDbError","position":"78","routine":"parserOpenTable","severity":"ERROR"},"level":"error","message":"Error checking if user exists: Failed query: select \"id\", \"name\", \"email\", \"password\", \"auth_provider\", \"created_at\" from \"users\" where \"users\".\"email\" = $1 limit $2\nparams: gotunuffwadfl@gmail.com,1","params":["gotunuffwadfl@gmail.com",1],"query":"select \"id\", \"name\", \"email\", \"password\", \"auth_provider\", \"created_at\" from \"users\" where \"users\".\"email\" = $1 limit $2","service":"acquisitions-api","stack":"Error: Failed query: select \"id\", \"name\", \"email\", \"password\", \"auth_provider\", \"created_at\" from \"users\" where \"users\".\"email\" = $1 limit $2\nparams: gotunuffwadfl@gmail.com,1\n    at NeonHttpPreparedQuery.queryWithCache (file:///C:/Users/DELL/Desktop/fluxo.io/node_modules/.pnpm/drizzle-orm@0.44.5_@neondatabase+serverless@1.0.2_@types+pg@8.15.5_pg@8.16.3/node_modules/drizzle-orm/pg-core/session.js:41:15)\n    at process.processTicksAndRejections (node:internal/process/task_queues:105:5)\n    at async NeonHttpPreparedQuery.execute (file:///C:/Users/DELL/Desktop/fluxo.io/node_modules/.pnpm/drizzle-orm@0.44.5_@neondatabase+serverless@1.0.2_@types+pg@8.15.5_pg@8.16.3/node_modules/drizzle-orm/neon-http/session.js:45:20)\n    at async isUserExist (file:///C:/Users/DELL/Desktop/fluxo.io/apps/auth-service/src/service/auth.service.js:40:28)\n    at async authenticateUser (file:///C:/Users/DELL/Desktop/fluxo.io/apps/auth-service/src/service/auth.service.js:99:16)\n    at async signIn (file:///C:/Users/DELL/Desktop/fluxo.io/apps/auth-service/src/controller/auth.controller.js:66:18)"}
{"level":"info","message":"::1 - - [30/Sep/2025:16:44:26 +0000] \"POST /api/auth/signin HTTP/1.1\" 500 33 \"-\" \"PostmanRuntime/7.48.0\"","service":"acquisitions-api"}
{"cause":{"code":"42P01","file":"parse_relation.c","line":"1449","name":"NeonDbError","position":"78","routine":"parserOpenTable","severity":"ERROR"},"level":"error","message":"Error checking if user exists: Failed query: select \"id\", \"name\", \"email\", \"password\", \"auth_provider\", \"created_at\" from \"users\" where \"users\".\"email\" = $1 limit $2\nparams: gotunuffwadfl@gmail.com,1","params":["gotunuffwadfl@gmail.com",1],"query":"select \"id\", \"name\", \"email\", \"password\", \"auth_provider\", \"created_at\" from \"users\" where \"users\".\"email\" = $1 limit $2","service":"acquisitions-api","stack":"Error: Failed query: select \"id\", \"name\", \"email\", \"password\", \"auth_provider\", \"created_at\" from \"users\" where \"users\".\"email\" = $1 limit $2\nparams: gotunuffwadfl@gmail.com,1\n    at NeonHttpPreparedQuery.queryWithCache (file:///C:/Users/DELL/Desktop/fluxo.io/node_modules/.pnpm/drizzle-orm@0.44.5_@neondatabase+serverless@1.0.2_@types+pg@8.15.5_pg@8.16.3/node_modules/drizzle-orm/pg-core/session.js:41:15)\n    at process.processTicksAndRejections (node:internal/process/task_queues:105:5)\n    at async NeonHttpPreparedQuery.execute (file:///C:/Users/DELL/Desktop/fluxo.io/node_modules/.pnpm/drizzle-orm@0.44.5_@neondatabase+serverless@1.0.2_@types+pg@8.15.5_pg@8.16.3/node_modules/drizzle-orm/neon-http/session.js:45:20)\n    at async isUserExist (file:///C:/Users/DELL/Desktop/fluxo.io/apps/auth-service/src/service/auth.service.js:40:28)\n    at async authenticateUser (file:///C:/Users/DELL/Desktop/fluxo.io/apps/auth-service/src/service/auth.service.js:99:16)\n    at async signIn (file:///C:/Users/DELL/Desktop/fluxo.io/apps/auth-service/src/controller/auth.controller.js:66:18)"}
{"level":"info","message":"::1 - - [30/Sep/2025:16:44:28 +0000] \"POST /api/auth/signin HTTP/1.1\" 500 33 \"-\" \"PostmanRuntime/7.48.0\"","service":"acquisitions-api"}
{"level":"info","message":"Hello from auth service","service":"acquisitions-api"}
{"level":"info","message":"::ffff:127.0.0.1 - - [30/Sep/2025:17:37:48 +0000] \"GET / HTTP/1.1\" 200 46 \"-\" \"Mozilla/5.0 (Windows NT 10.0; Win64; x64; rv:143.0) Gecko/20100101 Firefox/143.0\"","service":"acquisitions-api"}
{"level":"info","message":"::ffff:127.0.0.1 - - [30/Sep/2025:17:37:48 +0000] \"GET /favicon.ico HTTP/1.1\" 404 29 \"-\" \"Mozilla/5.0 (Windows NT 10.0; Win64; x64; rv:143.0) Gecko/20100101 Firefox/143.0\"","service":"acquisitions-api"}
{"cause":{"code":"42P01","file":"parse_relation.c","line":"1449","name":"NeonDbError","position":"78","routine":"parserOpenTable","severity":"ERROR"},"level":"error","message":"Error checking if user exists: Failed query: select \"id\", \"name\", \"email\", \"password\", \"auth_provider\", \"created_at\" from \"users\" where \"users\".\"email\" = $1 limit $2\nparams: gotunuffwadfl@gmail.com,1","params":["gotunuffwadfl@gmail.com",1],"query":"select \"id\", \"name\", \"email\", \"password\", \"auth_provider\", \"created_at\" from \"users\" where \"users\".\"email\" = $1 limit $2","service":"acquisitions-api","stack":"Error: Failed query: select \"id\", \"name\", \"email\", \"password\", \"auth_provider\", \"created_at\" from \"users\" where \"users\".\"email\" = $1 limit $2\nparams: gotunuffwadfl@gmail.com,1\n    at NeonHttpPreparedQuery.queryWithCache (file:///C:/Users/DELL/Desktop/fluxo.io/node_modules/.pnpm/drizzle-orm@0.44.5_@neondatabase+serverless@1.0.2_@types+pg@8.15.5_pg@8.16.3/node_modules/drizzle-orm/pg-core/session.js:41:15)\n    at process.processTicksAndRejections (node:internal/process/task_queues:105:5)\n    at async NeonHttpPreparedQuery.execute (file:///C:/Users/DELL/Desktop/fluxo.io/node_modules/.pnpm/drizzle-orm@0.44.5_@neondatabase+serverless@1.0.2_@types+pg@8.15.5_pg@8.16.3/node_modules/drizzle-orm/neon-http/session.js:45:20)\n    at async isUserExist (file:///C:/Users/DELL/Desktop/fluxo.io/apps/auth-service/src/service/auth.service.js:40:28)\n    at async authenticateUser (file:///C:/Users/DELL/Desktop/fluxo.io/apps/auth-service/src/service/auth.service.js:99:16)\n    at async signIn (file:///C:/Users/DELL/Desktop/fluxo.io/apps/auth-service/src/controller/auth.controller.js:66:18)"}
{"level":"info","message":"::1 - - [30/Sep/2025:17:38:17 +0000] \"POST /api/auth/signin HTTP/1.1\" 500 33 \"-\" \"PostmanRuntime/7.48.0\"","service":"acquisitions-api"}
{"level":"info","message":"::1 - - [30/Sep/2025:17:39:17 +0000] \"POST /api/auth/signin HTTP/1.1\" 404 31 \"-\" \"PostmanRuntime/7.48.0\"","service":"acquisitions-api"}
{"level":"info","message":"::1 - - [30/Sep/2025:17:43:17 +0000] \"POST /auth/signin HTTP/1.1\" 404 29 \"-\" \"PostmanRuntime/7.48.0\"","service":"acquisitions-api"}
{"level":"info","message":"::1 - - [30/Sep/2025:17:43:19 +0000] \"POST /auth/signin HTTP/1.1\" 404 29 \"-\" \"PostmanRuntime/7.48.0\"","service":"acquisitions-api"}
{"level":"info","message":"::1 - - [30/Sep/2025:17:44:47 +0000] \"POST /signin HTTP/1.1\" 404 29 \"-\" \"PostmanRuntime/7.48.0\"","service":"acquisitions-api"}
{"level":"info","message":"::1 - - [30/Sep/2025:17:44:49 +0000] \"POST /signin HTTP/1.1\" 404 29 \"-\" \"PostmanRuntime/7.48.0\"","service":"acquisitions-api"}
{"level":"info","message":"::1 - - [30/Sep/2025:17:44:51 +0000] \"POST /signin HTTP/1.1\" 404 29 \"-\" \"PostmanRuntime/7.48.0\"","service":"acquisitions-api"}
{"level":"info","message":"::1 - - [30/Sep/2025:17:44:52 +0000] \"POST /signin HTTP/1.1\" 404 29 \"-\" \"PostmanRuntime/7.48.0\"","service":"acquisitions-api"}
{"level":"info","message":"::1 - - [30/Sep/2025:17:45:02 +0000] \"POST /signin HTTP/1.1\" 404 29 \"-\" \"PostmanRuntime/7.48.0\"","service":"acquisitions-api"}
{"level":"info","message":"::1 - - [30/Sep/2025:17:45:05 +0000] \"POST /signin HTTP/1.1\" 404 29 \"-\" \"PostmanRuntime/7.48.0\"","service":"acquisitions-api"}
{"level":"info","message":"::1 - - [30/Sep/2025:17:45:34 +0000] \"GET /health HTTP/1.1\" 200 75 \"-\" \"curl/8.13.0\"","service":"acquisitions-api"}
{"level":"info","message":"::1 - - [30/Sep/2025:17:45:54 +0000] \"GET /api/v1/auth/signin HTTP/1.1\" 404 29 \"-\" \"curl/8.13.0\"","service":"acquisitions-api"}
{"level":"info","message":"::1 - - [30/Sep/2025:17:48:32 +0000] \"POST /signin HTTP/1.1\" 404 29 \"-\" \"PostmanRuntime/7.48.0\"","service":"acquisitions-api"}
{"level":"info","message":"::1 - - [30/Sep/2025:17:48:40 +0000] \"GET /health HTTP/1.1\" 200 75 \"-\" \"curl/8.13.0\"","service":"acquisitions-api"}
{"level":"info","message":"::1 - - [30/Sep/2025:17:50:46 +0000] \"POST /signin HTTP/1.1\" 404 29 \"-\" \"PostmanRuntime/7.48.0\"","service":"acquisitions-api"}
{"level":"info","message":"::1 - - [30/Sep/2025:17:50:48 +0000] \"POST /signin HTTP/1.1\" 404 29 \"-\" \"PostmanRuntime/7.48.0\"","service":"acquisitions-api"}
{"level":"info","message":"::1 - - [30/Sep/2025:17:51:01 +0000] \"POST /signin HTTP/1.1\" 404 29 \"-\" \"PostmanRuntime/7.48.0\"","service":"acquisitions-api"}
{"level":"info","message":"::1 - - [30/Sep/2025:17:51:05 +0000] \"POST /signin HTTP/1.1\" 404 29 \"-\" \"PostmanRuntime/7.48.0\"","service":"acquisitions-api"}
{"level":"info","message":"::1 - - [30/Sep/2025:17:51:08 +0000] \"POST /api/v1/auth/signin HTTP/1.1\" 404 31 \"-\" \"PostmanRuntime/7.48.0\"","service":"acquisitions-api"}
{"level":"info","message":"::1 - - [30/Sep/2025:17:51:10 +0000] \"POST /api/v1/auth/signin HTTP/1.1\" 404 31 \"-\" \"PostmanRuntime/7.48.0\"","service":"acquisitions-api"}
{"level":"info","message":"::1 - - [30/Sep/2025:17:52:21 +0000] \"POST /api/v1/auth/signin HTTP/1.1\" 404 31 \"-\" \"PostmanRuntime/7.48.0\"","service":"acquisitions-api"}
{"level":"info","message":"::1 - - [30/Sep/2025:17:52:22 +0000] \"POST /api/v1/auth/signin HTTP/1.1\" 404 31 \"-\" \"PostmanRuntime/7.48.0\"","service":"acquisitions-api"}
{"level":"info","message":"::1 - - [30/Sep/2025:17:52:24 +0000] \"POST /api/v1/auth/signin HTTP/1.1\" 404 31 \"-\" \"PostmanRuntime/7.48.0\"","service":"acquisitions-api"}
{"level":"info","message":"::1 - - [30/Sep/2025:17:52:41 +0000] \"POST /api/v1/auth/signin HTTP/1.1\" 404 31 \"-\" \"PostmanRuntime/7.48.0\"","service":"acquisitions-api"}
{"level":"info","message":"::1 - - [30/Sep/2025:17:52:58 +0000] \"POST /api/v1/auth/signup HTTP/1.1\" 400 92 \"-\" \"PostmanRuntime/7.48.0\"","service":"acquisitions-api"}
{"level":"info","message":"User test@gmail.com created successfully","service":"acquisitions-api"}
{"level":"info","message":"User register successfully with email: test@gmail.com","service":"acquisitions-api"}
{"level":"info","message":"::1 - - [30/Sep/2025:17:53:22 +0000] \"POST /api/v1/auth/signup HTTP/1.1\" 201 126 \"-\" \"PostmanRuntime/7.48.0\"","service":"acquisitions-api"}
{"level":"info","message":"::1 - - [01/Oct/2025:17:06:57 +0000] \"GET /api/v1/auth/signin HTTP/1.1\" 404 29 \"-\" \"PostmanRuntime/7.48.0\"","service":"acquisitions-api"}
{"level":"info","message":"::1 - - [01/Oct/2025:17:07:01 +0000] \"GET /api/v1/auth/signin HTTP/1.1\" 404 29 \"-\" \"PostmanRuntime/7.48.0\"","service":"acquisitions-api"}
{"level":"info","message":"::1 - - [01/Oct/2025:17:07:08 +0000] \"POST /api/v1/auth/signin HTTP/1.1\" 200 126 \"-\" \"PostmanRuntime/7.48.0\"","service":"acquisitions-api"}
{"level":"info","message":"::1 - - [01/Oct/2025:17:11:52 +0000] \"POST /api/v1/auth/update-password HTTP/1.1\" 400 92 \"-\" \"PostmanRuntime/7.48.0\"","service":"acquisitions-api"}
{"level":"info","message":"::1 - - [01/Oct/2025:17:12:06 +0000] \"POST /api/v1/auth/update-password HTTP/1.1\" 400 92 \"-\" \"PostmanRuntime/7.48.0\"","service":"acquisitions-api"}
{"level":"info","message":"::1 - - [01/Oct/2025:17:12:08 +0000] \"POST /api/v1/auth/update-password HTTP/1.1\" 400 92 \"-\" \"PostmanRuntime/7.48.0\"","service":"acquisitions-api"}
{"level":"info","message":"::1 - - [01/Oct/2025:17:12:11 +0000] \"POST /api/v1/auth/update-password HTTP/1.1\" 400 92 \"-\" \"PostmanRuntime/7.48.0\"","service":"acquisitions-api"}
{"level":"info","message":"::1 - - [01/Oct/2025:17:12:58 +0000] \"POST /api/v1/auth/update-password HTTP/1.1\" 400 92 \"-\" \"PostmanRuntime/7.48.0\"","service":"acquisitions-api"}
{"level":"info","message":"::1 - - [01/Oct/2025:17:12:59 +0000] \"POST /api/v1/auth/update-password HTTP/1.1\" 400 92 \"-\" \"PostmanRuntime/7.48.0\"","service":"acquisitions-api"}
{"level":"info","message":"::1 - - [01/Oct/2025:17:13:28 +0000] \"POST /api/v1/auth/signin HTTP/1.1\" 200 126 \"-\" \"PostmanRuntime/7.48.0\"","service":"acquisitions-api"}
{"level":"info","message":"::1 - - [01/Oct/2025:17:13:43 +0000] \"POST /api/v1/auth/signin HTTP/1.1\" 200 126 \"-\" \"PostmanRuntime/7.48.0\"","service":"acquisitions-api"}
{"level":"info","message":"::1 - - [01/Oct/2025:17:13:45 +0000] \"POST /api/v1/auth/signin HTTP/1.1\" 200 126 \"-\" \"PostmanRuntime/7.48.0\"","service":"acquisitions-api"}
{"level":"info","message":"::1 - - [01/Oct/2025:17:13:48 +0000] \"POST /api/v1/auth/signin HTTP/1.1\" 400 144 \"-\" \"PostmanRuntime/7.48.0\"","service":"acquisitions-api"}
{"level":"info","message":"::1 - - [01/Oct/2025:17:13:54 +0000] \"POST /api/v1/auth/signin HTTP/1.1\" 200 126 \"-\" \"PostmanRuntime/7.48.0\"","service":"acquisitions-api"}
{"level":"info","message":"::1 - - [01/Oct/2025:17:14:12 +0000] \"POST /api/v1/auth/update-password HTTP/1.1\" 400 92 \"-\" \"PostmanRuntime/7.48.0\"","service":"acquisitions-api"}
{"level":"info","message":"::1 - - [01/Oct/2025:17:14:15 +0000] \"POST /api/v1/auth/update-password HTTP/1.1\" 400 92 \"-\" \"PostmanRuntime/7.48.0\"","service":"acquisitions-api"}
{"level":"info","message":"::1 - - [01/Oct/2025:17:14:21 +0000] \"POST /api/v1/auth/update-password HTTP/1.1\" 400 92 \"-\" \"PostmanRuntime/7.48.0\"","service":"acquisitions-api"}
{"level":"info","message":"::1 - - [01/Oct/2025:17:16:00 +0000] \"POST /api/v1/auth/update-password HTTP/1.1\" 400 92 \"-\" \"PostmanRuntime/7.48.0\"","service":"acquisitions-api"}
{"level":"info","message":"::1 - - [01/Oct/2025:17:18:14 +0000] \"POST /api/v1/auth/update-password HTTP/1.1\" 400 92 \"-\" \"PostmanRuntime/7.48.0\"","service":"acquisitions-api"}
{"level":"info","message":"::1 - - [01/Oct/2025:17:19:36 +0000] \"POST /api/v1/auth/update-password HTTP/1.1\" 400 92 \"-\" \"PostmanRuntime/7.48.0\"","service":"acquisitions-api"}
{"level":"info","message":"::1 - - [01/Oct/2025:17:21:54 +0000] \"POST /api/v1/auth/update-password HTTP/1.1\" 400 92 \"-\" \"PostmanRuntime/7.48.0\"","service":"acquisitions-api"}
{"level":"info","message":"::1 - - [01/Oct/2025:17:21:56 +0000] \"POST /api/v1/auth/update-password HTTP/1.1\" 400 92 \"-\" \"PostmanRuntime/7.48.0\"","service":"acquisitions-api"}
{"level":"info","message":"::1 - - [01/Oct/2025:17:23:08 +0000] \"POST /api/v1/auth/update-password HTTP/1.1\" 400 92 \"-\" \"PostmanRuntime/7.48.0\"","service":"acquisitions-api"}
{"level":"info","message":"::1 - - [01/Oct/2025:17:23:09 +0000] \"POST /api/v1/auth/update-password HTTP/1.1\" 400 92 \"-\" \"PostmanRuntime/7.48.0\"","service":"acquisitions-api"}
{"level":"info","message":"::1 - - [01/Oct/2025:17:24:56 +0000] \"POST /api/v1/auth//api/test-json HTTP/1.1\" 404 29 \"-\" \"PostmanRuntime/7.48.0\"","service":"acquisitions-api"}
{"level":"info","message":"::1 - - [01/Oct/2025:17:25:01 +0000] \"POST /api/v1/auth/api/test-json HTTP/1.1\" 404 29 \"-\" \"PostmanRuntime/7.48.0\"","service":"acquisitions-api"}
{"level":"info","message":"::1 - - [01/Oct/2025:17:25:03 +0000] \"POST /api/v1/auth/api/test-json HTTP/1.1\" 404 29 \"-\" \"PostmanRuntime/7.48.0\"","service":"acquisitions-api"}
{"level":"info","message":"::1 - - [01/Oct/2025:17:25:32 +0000] \"POST /api/v1/auth/test-json HTTP/1.1\" 404 29 \"-\" \"PostmanRuntime/7.48.0\"","service":"acquisitions-api"}
{"level":"info","message":"::1 - - [01/Oct/2025:17:25:34 +0000] \"POST /api/v1/auth/test-json HTTP/1.1\" 404 29 \"-\" \"PostmanRuntime/7.48.0\"","service":"acquisitions-api"}
{"level":"info","message":"::1 - - [01/Oct/2025:17:26:28 +0000] \"POST /api/v1/auth/test-json HTTP/1.1\" 200 28 \"-\" \"PostmanRuntime/7.48.0\"","service":"acquisitions-api"}
{"level":"info","message":"::1 - - [01/Oct/2025:17:27:26 +0000] \"POST /api/v1/auth/signin HTTP/1.1\" 200 126 \"-\" \"PostmanRuntime/7.48.0\"","service":"acquisitions-api"}
{"level":"info","message":"::1 - - [01/Oct/2025:17:28:09 +0000] \"POST /api/v1/auth/update-password HTTP/1.1\" 400 92 \"-\" \"PostmanRuntime/7.48.0\"","service":"acquisitions-api"}
{"level":"info","message":"::1 - - [01/Oct/2025:17:29:37 +0000] \"POST /api/v1/auth/update-password HTTP/1.1\" 400 92 \"-\" \"PostmanRuntime/7.48.0\"","service":"acquisitions-api"}
{"level":"info","message":"::1 - - [01/Oct/2025:17:29:39 +0000] \"POST /api/v1/auth/update-password HTTP/1.1\" 400 92 \"-\" \"PostmanRuntime/7.48.0\"","service":"acquisitions-api"}
{"level":"info","message":"Password changed for user test@gmail.com","service":"acquisitions-api"}
{"level":"info","message":"Password changed successfully for user: test@gmail.com","service":"acquisitions-api"}
{"level":"info","message":"::1 - - [01/Oct/2025:17:31:28 +0000] \"POST /api/v1/auth/update-password HTTP/1.1\" 200 43 \"-\" \"PostmanRuntime/7.48.0\"","service":"acquisitions-api"}
{"level":"info","message":"::1 - - [01/Oct/2025:17:31:49 +0000] \"POST /api/v1/auth/signin HTTP/1.1\" 401 31 \"-\" \"PostmanRuntime/7.48.0\"","service":"acquisitions-api"}
{"level":"info","message":"::1 - - [01/Oct/2025:17:31:59 +0000] \"POST /api/v1/auth/signin HTTP/1.1\" 200 126 \"-\" \"PostmanRuntime/7.48.0\"","service":"acquisitions-api"}
{"level":"info","message":"::1 - - [02/Oct/2025:14:18:21 +0000] \"POST /api/v1/auth/otp/generate HTTP/1.1\" - - \"-\" \"PostmanRuntime/7.48.0\"","service":"acquisitions-api"}
{"cause":{"code":"42P01","file":"parse_relation.c","line":"1449","name":"NeonDbError","position":"123","routine":"parserOpenTable","severity":"ERROR"},"level":"error","message":"Error generating and storing OTP: Failed query: select \"id\", \"user_id\", \"email\", \"otp_code\", \"purpose\", \"expires_at\", \"is_used\", \"attempts\", \"created_at\", \"used_at\" from \"otps\" where (\"otps\".\"user_id\" = $1 and \"otps\".\"purpose\" = $2 and \"otps\".\"is_used\" = $3 and $4 < \"otps\".\"expires_at\") limit $5\nparams: f71150c1-2609-4771-8bee-2d9b3eb99189,email_verification,false,Thu Oct 02 2025 19:50:07 GMT+0530 (India Standard Time),1","params":["f71150c1-2609-4771-8bee-2d9b3eb99189","email_verification",false,"2025-10-02T14:20:07.141Z",1],"query":"select \"id\", \"user_id\", \"email\", \"otp_code\", \"purpose\", \"expires_at\", \"is_used\", \"attempts\", \"created_at\", \"used_at\" from \"otps\" where (\"otps\".\"user_id\" = $1 and \"otps\".\"purpose\" = $2 and \"otps\".\"is_used\" = $3 and $4 < \"otps\".\"expires_at\") limit $5","service":"acquisitions-api","stack":"Error: Failed query: select \"id\", \"user_id\", \"email\", \"otp_code\", \"purpose\", \"expires_at\", \"is_used\", \"attempts\", \"created_at\", \"used_at\" from \"otps\" where (\"otps\".\"user_id\" = $1 and \"otps\".\"purpose\" = $2 and \"otps\".\"is_used\" = $3 and $4 < \"otps\".\"expires_at\") limit $5\nparams: f71150c1-2609-4771-8bee-2d9b3eb99189,email_verification,false,Thu Oct 02 2025 19:50:07 GMT+0530 (India Standard Time),1\n    at NeonHttpPreparedQuery.queryWithCache (file:///C:/Users/DELL/Desktop/fluxo.io/node_modules/.pnpm/drizzle-orm@0.44.5_@neondatabase+serverless@1.0.2_@types+pg@8.15.5_pg@8.16.3/node_modules/drizzle-orm/pg-core/session.js:41:15)\n    at process.processTicksAndRejections (node:internal/process/task_queues:105:5)\n    at async NeonHttpPreparedQuery.execute (file:///C:/Users/DELL/Desktop/fluxo.io/node_modules/.pnpm/drizzle-orm@0.44.5_@neondatabase+serverless@1.0.2_@types+pg@8.15.5_pg@8.16.3/node_modules/drizzle-orm/neon-http/session.js:45:20)\n    at async generateAndStoreOTP (file:///C:/Users/DELL/Desktop/fluxo.io/apps/auth-service/src/service/otp.service.js:88:25)\n    at async generateOTP (file:///C:/Users/DELL/Desktop/fluxo.io/apps/auth-service/src/controller/otp.controller.js:41:20)"}
{"level":"error","message":"Generate OTP failed: Failed to generate OTP","service":"acquisitions-api","stack":"Error: Failed to generate OTP\n    at generateAndStoreOTP (file:///C:/Users/DELL/Desktop/fluxo.io/apps/auth-service/src/service/otp.service.js:142:11)\n    at process.processTicksAndRejections (node:internal/process/task_queues:105:5)\n    at async generateOTP (file:///C:/Users/DELL/Desktop/fluxo.io/apps/auth-service/src/controller/otp.controller.js:41:20)"}
{"level":"info","message":"::1 - - [02/Oct/2025:14:20:07 +0000] \"POST /api/v1/auth/otp/generate HTTP/1.1\" 500 34 \"-\" \"PostmanRuntime/7.48.0\"","service":"acquisitions-api"}
{"level":"info","message":"New OTP generated and stored for user f71150c1-2609-4771-8bee-2d9b3eb99189, purpose: email_verification","service":"acquisitions-api"}
{"level":"error","message":"Error sending OTP email: nodemailer.createTransporter is not a function","service":"acquisitions-api","stack":"TypeError: nodemailer.createTransporter is not a function\n    at createTransporter (file:///C:/Users/DELL/Desktop/fluxo.io/apps/auth-service/src/service/otp.service.js:26:21)\n    at sendOTPEmail (file:///C:/Users/DELL/Desktop/fluxo.io/apps/auth-service/src/service/otp.service.js:40:25)\n    at generateAndStoreOTP (file:///C:/Users/DELL/Desktop/fluxo.io/apps/auth-service/src/service/otp.service.js:133:11)\n    at process.processTicksAndRejections (node:internal/process/task_queues:105:5)\n    at async generateOTP (file:///C:/Users/DELL/Desktop/fluxo.io/apps/auth-service/src/controller/otp.controller.js:41:20)"}
{"level":"error","message":"Error generating and storing OTP: Failed to send OTP email","service":"acquisitions-api","stack":"Error: Failed to send OTP email\n    at sendOTPEmail (file:///C:/Users/DELL/Desktop/fluxo.io/apps/auth-service/src/service/otp.service.js:78:11)\n    at generateAndStoreOTP (file:///C:/Users/DELL/Desktop/fluxo.io/apps/auth-service/src/service/otp.service.js:133:11)\n    at process.processTicksAndRejections (node:internal/process/task_queues:105:5)\n    at async generateOTP (file:///C:/Users/DELL/Desktop/fluxo.io/apps/auth-service/src/controller/otp.controller.js:41:20)"}
{"level":"error","message":"Generate OTP failed: Failed to generate OTP","service":"acquisitions-api","stack":"Error: Failed to generate OTP\n    at generateAndStoreOTP (file:///C:/Users/DELL/Desktop/fluxo.io/apps/auth-service/src/service/otp.service.js:142:11)\n    at process.processTicksAndRejections (node:internal/process/task_queues:105:5)\n    at async generateOTP (file:///C:/Users/DELL/Desktop/fluxo.io/apps/auth-service/src/controller/otp.controller.js:41:20)"}
{"level":"info","message":"::1 - - [02/Oct/2025:14:21:56 +0000] \"POST /api/v1/auth/otp/generate HTTP/1.1\" 500 34 \"-\" \"PostmanRuntime/7.48.0\"","service":"acquisitions-api"}
{"level":"info","message":"New OTP generated and stored for user f71150c1-2609-4771-8bee-2d9b3eb99189, purpose: email_verification","service":"acquisitions-api"}
{"level":"error","message":"Error sending OTP email: nodemailer.createTransporter is not a function","service":"acquisitions-api","stack":"TypeError: nodemailer.createTransporter is not a function\n    at createTransporter (file:///C:/Users/DELL/Desktop/fluxo.io/apps/auth-service/src/service/otp.service.js:26:21)\n    at sendOTPEmail (file:///C:/Users/DELL/Desktop/fluxo.io/apps/auth-service/src/service/otp.service.js:40:25)\n    at generateAndStoreOTP (file:///C:/Users/DELL/Desktop/fluxo.io/apps/auth-service/src/service/otp.service.js:133:11)\n    at process.processTicksAndRejections (node:internal/process/task_queues:105:5)\n    at async generateOTP (file:///C:/Users/DELL/Desktop/fluxo.io/apps/auth-service/src/controller/otp.controller.js:41:20)"}
{"level":"error","message":"Error generating and storing OTP: Failed to send OTP email","service":"acquisitions-api","stack":"Error: Failed to send OTP email\n    at sendOTPEmail (file:///C:/Users/DELL/Desktop/fluxo.io/apps/auth-service/src/service/otp.service.js:78:11)\n    at generateAndStoreOTP (file:///C:/Users/DELL/Desktop/fluxo.io/apps/auth-service/src/service/otp.service.js:133:11)\n    at process.processTicksAndRejections (node:internal/process/task_queues:105:5)\n    at async generateOTP (file:///C:/Users/DELL/Desktop/fluxo.io/apps/auth-service/src/controller/otp.controller.js:41:20)"}
{"level":"error","message":"Generate OTP failed: Failed to generate OTP","service":"acquisitions-api","stack":"Error: Failed to generate OTP\n    at generateAndStoreOTP (file:///C:/Users/DELL/Desktop/fluxo.io/apps/auth-service/src/service/otp.service.js:142:11)\n    at process.processTicksAndRejections (node:internal/process/task_queues:105:5)\n    at async generateOTP (file:///C:/Users/DELL/Desktop/fluxo.io/apps/auth-service/src/controller/otp.controller.js:41:20)"}
{"level":"info","message":"::1 - - [02/Oct/2025:14:22:49 +0000] \"POST /api/v1/auth/otp/generate HTTP/1.1\" 500 34 \"-\" \"PostmanRuntime/7.48.0\"","service":"acquisitions-api"}
{"level":"info","message":"New OTP generated and stored for user f71150c1-2609-4771-8bee-2d9b3eb99189, purpose: email_verification","service":"acquisitions-api"}
{"level":"error","message":"Error sending OTP email: nodemailer.createTransporter is not a function","service":"acquisitions-api","stack":"TypeError: nodemailer.createTransporter is not a function\n    at createTransporter (file:///C:/Users/DELL/Desktop/fluxo.io/apps/auth-service/src/service/otp.service.js:26:21)\n    at sendOTPEmail (file:///C:/Users/DELL/Desktop/fluxo.io/apps/auth-service/src/service/otp.service.js:40:25)\n    at generateAndStoreOTP (file:///C:/Users/DELL/Desktop/fluxo.io/apps/auth-service/src/service/otp.service.js:133:11)\n    at process.processTicksAndRejections (node:internal/process/task_queues:105:5)\n    at async generateOTP (file:///C:/Users/DELL/Desktop/fluxo.io/apps/auth-service/src/controller/otp.controller.js:41:20)"}
{"level":"error","message":"Error generating and storing OTP: Failed to send OTP email","service":"acquisitions-api","stack":"Error: Failed to send OTP email\n    at sendOTPEmail (file:///C:/Users/DELL/Desktop/fluxo.io/apps/auth-service/src/service/otp.service.js:78:11)\n    at generateAndStoreOTP (file:///C:/Users/DELL/Desktop/fluxo.io/apps/auth-service/src/service/otp.service.js:133:11)\n    at process.processTicksAndRejections (node:internal/process/task_queues:105:5)\n    at async generateOTP (file:///C:/Users/DELL/Desktop/fluxo.io/apps/auth-service/src/controller/otp.controller.js:41:20)"}
{"level":"error","message":"Generate OTP failed: Failed to generate OTP","service":"acquisitions-api","stack":"Error: Failed to generate OTP\n    at generateAndStoreOTP (file:///C:/Users/DELL/Desktop/fluxo.io/apps/auth-service/src/service/otp.service.js:142:11)\n    at process.processTicksAndRejections (node:internal/process/task_queues:105:5)\n    at async generateOTP (file:///C:/Users/DELL/Desktop/fluxo.io/apps/auth-service/src/controller/otp.controller.js:41:20)"}
{"level":"info","message":"::1 - - [02/Oct/2025:14:24:11 +0000] \"POST /api/v1/auth/otp/generate HTTP/1.1\" 500 34 \"-\" \"PostmanRuntime/7.48.0\"","service":"acquisitions-api"}
{"level":"info","message":"New OTP generated and stored for user f71150c1-2609-4771-8bee-2d9b3eb99189, purpose: email_verification","service":"acquisitions-api"}
{"level":"error","message":"Error sending OTP email: nodemailer.createTransporter is not a function","service":"acquisitions-api","stack":"TypeError: nodemailer.createTransporter is not a function\n    at createTransporter (file:///C:/Users/DELL/Desktop/fluxo.io/apps/auth-service/src/service/otp.service.js:26:21)\n    at sendOTPEmail (file:///C:/Users/DELL/Desktop/fluxo.io/apps/auth-service/src/service/otp.service.js:40:25)\n    at generateAndStoreOTP (file:///C:/Users/DELL/Desktop/fluxo.io/apps/auth-service/src/service/otp.service.js:133:11)\n    at process.processTicksAndRejections (node:internal/process/task_queues:105:5)\n    at async generateOTP (file:///C:/Users/DELL/Desktop/fluxo.io/apps/auth-service/src/controller/otp.controller.js:41:20)"}
{"level":"error","message":"Error generating and storing OTP: Failed to send OTP email","service":"acquisitions-api","stack":"Error: Failed to send OTP email\n    at sendOTPEmail (file:///C:/Users/DELL/Desktop/fluxo.io/apps/auth-service/src/service/otp.service.js:78:11)\n    at generateAndStoreOTP (file:///C:/Users/DELL/Desktop/fluxo.io/apps/auth-service/src/service/otp.service.js:133:11)\n    at process.processTicksAndRejections (node:internal/process/task_queues:105:5)\n    at async generateOTP (file:///C:/Users/DELL/Desktop/fluxo.io/apps/auth-service/src/controller/otp.controller.js:41:20)"}
{"level":"error","message":"Generate OTP failed: Failed to generate OTP","service":"acquisitions-api","stack":"Error: Failed to generate OTP\n    at generateAndStoreOTP (file:///C:/Users/DELL/Desktop/fluxo.io/apps/auth-service/src/service/otp.service.js:142:11)\n    at process.processTicksAndRejections (node:internal/process/task_queues:105:5)\n    at async generateOTP (file:///C:/Users/DELL/Desktop/fluxo.io/apps/auth-service/src/controller/otp.controller.js:41:20)"}
{"level":"info","message":"::1 - - [02/Oct/2025:14:24:41 +0000] \"POST /api/v1/auth/otp/generate HTTP/1.1\" 500 34 \"-\" \"PostmanRuntime/7.48.0\"","service":"acquisitions-api"}
{"level":"info","message":"New OTP generated and stored for user f71150c1-2609-4771-8bee-2d9b3eb99189, purpose: email_verification","service":"acquisitions-api"}
{"level":"info","message":"Creating email transporter with service: gmail, user: gokunuwal@gmail.com","service":"acquisitions-api"}
{"error":"nodemailer.createTransporter is not a function","level":"error","message":"Error sending OTP email:","service":"acquisitions-api","stack":"TypeError: nodemailer.createTransporter is not a function\n    at createTransporter (file:///C:/Users/DELL/Desktop/fluxo.io/apps/auth-service/src/service/otp.service.js:40:21)\n    at sendOTPEmail (file:///C:/Users/DELL/Desktop/fluxo.io/apps/auth-service/src/service/otp.service.js:48:25)\n    at generateAndStoreOTP (file:///C:/Users/DELL/Desktop/fluxo.io/apps/auth-service/src/service/otp.service.js:156:11)\n    at process.processTicksAndRejections (node:internal/process/task_queues:105:5)\n    at async generateOTP (file:///C:/Users/DELL/Desktop/fluxo.io/apps/auth-service/src/controller/otp.controller.js:42:20)"}
{"level":"error","message":"Error generating and storing OTP: Failed to send OTP email: nodemailer.createTransporter is not a function","service":"acquisitions-api","stack":"Error: Failed to send OTP email: nodemailer.createTransporter is not a function\n    at sendOTPEmail (file:///C:/Users/DELL/Desktop/fluxo.io/apps/auth-service/src/service/otp.service.js:100:13)\n    at generateAndStoreOTP (file:///C:/Users/DELL/Desktop/fluxo.io/apps/auth-service/src/service/otp.service.js:156:11)\n    at process.processTicksAndRejections (node:internal/process/task_queues:105:5)\n    at async generateOTP (file:///C:/Users/DELL/Desktop/fluxo.io/apps/auth-service/src/controller/otp.controller.js:42:20)"}
{"level":"error","message":"Generate OTP failed: Failed to generate OTP","service":"acquisitions-api","stack":"Error: Failed to generate OTP\n    at generateAndStoreOTP (file:///C:/Users/DELL/Desktop/fluxo.io/apps/auth-service/src/service/otp.service.js:165:11)\n    at process.processTicksAndRejections (node:internal/process/task_queues:105:5)\n    at async generateOTP (file:///C:/Users/DELL/Desktop/fluxo.io/apps/auth-service/src/controller/otp.controller.js:42:20)"}
{"level":"info","message":"::1 - - [02/Oct/2025:14:32:27 +0000] \"POST /api/v1/auth/otp/generate HTTP/1.1\" 500 34 \"-\" \"PostmanRuntime/7.48.0\"","service":"acquisitions-api"}
{"level":"info","message":"New OTP generated and stored for user f71150c1-2609-4771-8bee-2d9b3eb99189, purpose: email_verification","service":"acquisitions-api"}
{"level":"info","message":"Creating email transporter with service: gmail, user: gokunuwal@gmail.com","service":"acquisitions-api"}
{"error":"nodemailer.createTransporter is not a function","level":"error","message":"Error sending OTP email:","service":"acquisitions-api","stack":"TypeError: nodemailer.createTransporter is not a function\n    at createTransporter (file:///C:/Users/DELL/Desktop/fluxo.io/apps/auth-service/src/service/otp.service.js:40:21)\n    at sendOTPEmail (file:///C:/Users/DELL/Desktop/fluxo.io/apps/auth-service/src/service/otp.service.js:48:25)\n    at generateAndStoreOTP (file:///C:/Users/DELL/Desktop/fluxo.io/apps/auth-service/src/service/otp.service.js:156:11)\n    at process.processTicksAndRejections (node:internal/process/task_queues:105:5)\n    at async generateOTP (file:///C:/Users/DELL/Desktop/fluxo.io/apps/auth-service/src/controller/otp.controller.js:42:20)"}
{"level":"error","message":"Error generating and storing OTP: Failed to send OTP email: nodemailer.createTransporter is not a function","service":"acquisitions-api","stack":"Error: Failed to send OTP email: nodemailer.createTransporter is not a function\n    at sendOTPEmail (file:///C:/Users/DELL/Desktop/fluxo.io/apps/auth-service/src/service/otp.service.js:100:13)\n    at generateAndStoreOTP (file:///C:/Users/DELL/Desktop/fluxo.io/apps/auth-service/src/service/otp.service.js:156:11)\n    at process.processTicksAndRejections (node:internal/process/task_queues:105:5)\n    at async generateOTP (file:///C:/Users/DELL/Desktop/fluxo.io/apps/auth-service/src/controller/otp.controller.js:42:20)"}
{"level":"error","message":"Generate OTP failed: Failed to generate OTP","service":"acquisitions-api","stack":"Error: Failed to generate OTP\n    at generateAndStoreOTP (file:///C:/Users/DELL/Desktop/fluxo.io/apps/auth-service/src/service/otp.service.js:165:11)\n    at process.processTicksAndRejections (node:internal/process/task_queues:105:5)\n    at async generateOTP (file:///C:/Users/DELL/Desktop/fluxo.io/apps/auth-service/src/controller/otp.controller.js:42:20)"}
{"level":"info","message":"::1 - - [02/Oct/2025:14:33:09 +0000] \"POST /api/v1/auth/otp/generate HTTP/1.1\" 500 34 \"-\" \"PostmanRuntime/7.48.0\"","service":"acquisitions-api"}
{"level":"info","message":"New OTP generated and stored for user f71150c1-2609-4771-8bee-2d9b3eb99189, purpose: email_verification","service":"acquisitions-api"}
{"level":"info","message":"Creating email transporter with service: gmail, user: gokunuwal@gmail.com","service":"acquisitions-api"}
{"error":"nodemailer.createTransporter is not a function","level":"error","message":"Error sending OTP email:","service":"acquisitions-api","stack":"TypeError: nodemailer.createTransporter is not a function\n    at createTransporter (file:///C:/Users/DELL/Desktop/fluxo.io/apps/auth-service/src/service/otp.service.js:40:21)\n    at sendOTPEmail (file:///C:/Users/DELL/Desktop/fluxo.io/apps/auth-service/src/service/otp.service.js:48:25)\n    at generateAndStoreOTP (file:///C:/Users/DELL/Desktop/fluxo.io/apps/auth-service/src/service/otp.service.js:156:11)\n    at process.processTicksAndRejections (node:internal/process/task_queues:105:5)\n    at async generateOTP (file:///C:/Users/DELL/Desktop/fluxo.io/apps/auth-service/src/controller/otp.controller.js:42:20)"}
{"level":"error","message":"Error generating and storing OTP: Failed to send OTP email: nodemailer.createTransporter is not a function","service":"acquisitions-api","stack":"Error: Failed to send OTP email: nodemailer.createTransporter is not a function\n    at sendOTPEmail (file:///C:/Users/DELL/Desktop/fluxo.io/apps/auth-service/src/service/otp.service.js:100:13)\n    at generateAndStoreOTP (file:///C:/Users/DELL/Desktop/fluxo.io/apps/auth-service/src/service/otp.service.js:156:11)\n    at process.processTicksAndRejections (node:internal/process/task_queues:105:5)\n    at async generateOTP (file:///C:/Users/DELL/Desktop/fluxo.io/apps/auth-service/src/controller/otp.controller.js:42:20)"}
{"level":"error","message":"Generate OTP failed: Failed to generate OTP","service":"acquisitions-api","stack":"Error: Failed to generate OTP\n    at generateAndStoreOTP (file:///C:/Users/DELL/Desktop/fluxo.io/apps/auth-service/src/service/otp.service.js:165:11)\n    at process.processTicksAndRejections (node:internal/process/task_queues:105:5)\n    at async generateOTP (file:///C:/Users/DELL/Desktop/fluxo.io/apps/auth-service/src/controller/otp.controller.js:42:20)"}
{"level":"info","message":"::1 - - [02/Oct/2025:14:33:12 +0000] \"POST /api/v1/auth/otp/generate HTTP/1.1\" 500 34 \"-\" \"PostmanRuntime/7.48.0\"","service":"acquisitions-api"}
{"level":"info","message":"New OTP generated and stored for user f71150c1-2609-4771-8bee-2d9b3eb99189, purpose: email_verification","service":"acquisitions-api"}
{"level":"info","message":"Creating email transporter with service: gmail, user: gokunuwal@gmail.com","service":"acquisitions-api"}
{"level":"info","message":"OTP email sent successfully to test@gmail.com for purpose: email_verification","service":"acquisitions-api"}
{"level":"info","message":"OTP generated successfully for user: test@gmail.com, purpose: email_verification","service":"acquisitions-api"}
{"level":"info","message":"::1 - - [02/Oct/2025:14:40:34 +0000] \"POST /api/v1/auth/otp/generate HTTP/1.1\" 200 51 \"-\" \"PostmanRuntime/7.48.0\"","service":"acquisitions-api"}
{"level":"info","message":"::1 - - [02/Oct/2025:14:47:22 +0000] \"POST /api/v1/auth/sign-up HTTP/1.1\" 404 29 \"-\" \"PostmanRuntime/7.48.0\"","service":"acquisitions-api"}
{"level":"info","message":"::1 - - [02/Oct/2025:14:47:28 +0000] \"POST /api/v1/auth/sign-up HTTP/1.1\" 404 29 \"-\" \"PostmanRuntime/7.48.0\"","service":"acquisitions-api"}
{"level":"info","message":"User iambatman6439@gmail.com created successfully","service":"acquisitions-api"}
{"level":"info","message":"User register successfully with email: iambatman6439@gmail.com","service":"acquisitions-api"}
{"level":"info","message":"::1 - - [02/Oct/2025:14:47:38 +0000] \"POST /api/v1/auth/signup HTTP/1.1\" 201 137 \"-\" \"PostmanRuntime/7.48.0\"","service":"acquisitions-api"}
{"level":"info","message":"New OTP generated and stored for user 6b69233c-58cf-4717-92df-d95f117cfe5a, purpose: email_verification","service":"acquisitions-api"}
{"level":"info","message":"Creating email transporter with service: gmail, user: gokunuwal@gmail.com","service":"acquisitions-api"}
{"level":"info","message":"OTP email sent successfully to iambatman6439@gmail.com for purpose: email_verification","service":"acquisitions-api"}
{"level":"info","message":"OTP generated successfully for user: iambatman6439@gmail.com, purpose: email_verification","service":"acquisitions-api"}
{"level":"info","message":"::1 - - [02/Oct/2025:14:48:03 +0000] \"POST /api/v1/auth/otp/generate HTTP/1.1\" 200 51 \"-\" \"PostmanRuntime/7.48.0\"","service":"acquisitions-api"}
{"level":"info","message":"New OTP generated and stored for user 6b69233c-58cf-4717-92df-d95f117cfe5a, purpose: email_verification","service":"acquisitions-api"}
{"level":"info","message":"Creating email transporter with service: gmail, user: gokunuwal@gmail.com","service":"acquisitions-api"}
{"level":"info","message":"OTP email sent successfully to iambatman6439@gmail.com for purpose: email_verification","service":"acquisitions-api"}
{"level":"info","message":"OTP generated successfully for user: iambatman6439@gmail.com, purpose: email_verification","service":"acquisitions-api"}
{"level":"info","message":"::1 - - [02/Oct/2025:16:34:43 +0000] \"POST /api/v1/auth/otp/generate HTTP/1.1\" 200 51 \"-\" \"PostmanRuntime/7.48.0\"","service":"acquisitions-api"}
{"level":"info","message":"New OTP generated and stored for user 6b69233c-58cf-4717-92df-d95f117cfe5a, purpose: email_verification","service":"acquisitions-api"}
{"level":"info","message":"Creating email transporter with service: gmail, user: gokunuwal@gmail.com","service":"acquisitions-api"}
{"level":"info","message":"OTP email sent successfully to iambatman6439@gmail.com for purpose: email_verification","service":"acquisitions-api"}
{"level":"info","message":"OTP generated successfully for user: iambatman6439@gmail.com, purpose: email_verification","service":"acquisitions-api"}
{"level":"info","message":"::1 - - [02/Oct/2025:16:38:48 +0000] \"POST /api/v1/auth/otp/generate HTTP/1.1\" 200 51 \"-\" \"PostmanRuntime/7.48.0\"","service":"acquisitions-api"}
{"level":"info","message":"New OTP generated and stored for user 6b69233c-58cf-4717-92df-d95f117cfe5a, purpose: email_verification","service":"fluxo-auth-api","timestamp":"2025-10-02T16:47:47.544Z"}
{"level":"info","message":"Creating email transporter with service: gmail, user: gokunuwal@gmail.com","service":"fluxo-auth-api","timestamp":"2025-10-02T16:47:47.549Z"}
{"level":"info","message":"OTP email sent successfully to iambatman6439@gmail.com for purpose: email_verification","service":"fluxo-auth-api","timestamp":"2025-10-02T16:47:51.841Z"}
{"level":"info","message":"OTP generated successfully for user: iambatman6439@gmail.com, purpose: email_verification","service":"fluxo-auth-api","timestamp":"2025-10-02T16:47:51.842Z"}
{"level":"info","message":"::1 - - [02/Oct/2025:16:47:51 +0000] \"POST /api/v1/auth/otp/generate HTTP/1.1\" 200 51 \"-\" \"PostmanRuntime/7.48.0\"","service":"fluxo-auth-api","timestamp":"2025-10-02T16:47:51.850Z"}
{"level":"info","message":"New OTP generated and stored for user 6b69233c-58cf-4717-92df-d95f117cfe5a, purpose: email_verification","service":"fluxo-auth-api","timestamp":"2025-10-02T16:49:31.488Z"}
{"level":"info","message":"Creating email transporter with service: gmail, user: gokunuwal@gmail.com","service":"fluxo-auth-api","timestamp":"2025-10-02T16:49:31.533Z"}
{"level":"info","message":"OTP email sent successfully to iambatman6439@gmail.com for purpose: email_verification","service":"fluxo-auth-api","timestamp":"2025-10-02T16:49:36.699Z"}
{"level":"info","message":"OTP generated successfully for user: iambatman6439@gmail.com, purpose: email_verification","service":"fluxo-auth-api","timestamp":"2025-10-02T16:49:36.700Z"}
{"level":"info","message":"::1 - - [02/Oct/2025:16:49:36 +0000] \"POST /api/v1/auth/otp/generate HTTP/1.1\" 200 51 \"-\" \"PostmanRuntime/7.48.0\"","service":"fluxo-auth-api","timestamp":"2025-10-02T16:49:36.710Z"}
